0 info it worked if it ends with ok
1 verbose cli [ 'node', '/usr/local/bin/npm', '-g', 'install', 'csslint' ]
2 info using npm@1.4.9
3 info using node@v0.10.28
4 verbose cache add [ 'csslint', null ]
5 verbose cache add name=undefined spec="csslint" args=["csslint",null]
6 verbose parsed url { protocol: null,
6 verbose parsed url   slashes: null,
6 verbose parsed url   auth: null,
6 verbose parsed url   host: null,
6 verbose parsed url   port: null,
6 verbose parsed url   hostname: null,
6 verbose parsed url   hash: null,
6 verbose parsed url   search: null,
6 verbose parsed url   query: null,
6 verbose parsed url   pathname: 'csslint',
6 verbose parsed url   path: 'csslint',
6 verbose parsed url   href: 'csslint' }
7 silly lockFile 62b4fd4b-csslint csslint
8 verbose lock csslint /Users/JayWilsonJr/.npm/62b4fd4b-csslint.lock
9 silly lockFile 62b4fd4b-csslint csslint
10 silly lockFile 62b4fd4b-csslint csslint
11 verbose addNamed [ 'csslint', '' ]
12 verbose addNamed [ null, '*' ]
13 silly lockFile ba3ce932-csslint csslint@
14 verbose lock csslint@ /Users/JayWilsonJr/.npm/ba3ce932-csslint.lock
15 silly addNameRange { name: 'csslint', range: '*', hasData: false }
16 verbose url raw csslint
17 verbose url resolving [ 'https://registry.npmjs.org/', './csslint' ]
18 verbose url resolved https://registry.npmjs.org/csslint
19 info trying registry request attempt 1 at 10:37:05
20 http GET https://registry.npmjs.org/csslint
21 http 200 https://registry.npmjs.org/csslint
22 silly registry.get cb [ 200,
22 silly registry.get   { date: 'Wed, 27 Aug 2014 14:37:04 GMT',
22 silly registry.get     server: 'CouchDB/1.5.0 (Erlang OTP/R16B03)',
22 silly registry.get     etag: '"M0H7Y4UP8SURXN1V4S0I6N2P"',
22 silly registry.get     'content-type': 'application/json',
22 silly registry.get     'cache-control': 'max-age=60',
22 silly registry.get     'content-length': '23335',
22 silly registry.get     'accept-ranges': 'bytes',
22 silly registry.get     via: '1.1 varnish',
22 silly registry.get     age: '1991',
22 silly registry.get     'x-served-by': 'cache-jfk1033-JFK',
22 silly registry.get     'x-cache': 'HIT',
22 silly registry.get     'x-cache-hits': '1',
22 silly registry.get     'x-timer': 'S1409150224.542042,VS0,VE19',
22 silly registry.get     vary: 'Accept',
22 silly registry.get     'keep-alive': 'timeout=10, max=50',
22 silly registry.get     connection: 'Keep-Alive' } ]
23 silly addNameRange number 2 { name: 'csslint', range: '*', hasData: true }
24 silly addNameRange versions [ 'csslint',
24 silly addNameRange   [ '0.1.0',
24 silly addNameRange     '0.2.0',
24 silly addNameRange     '0.3.0',
24 silly addNameRange     '0.3.1',
24 silly addNameRange     '0.3.2',
24 silly addNameRange     '0.4.0',
24 silly addNameRange     '0.5.0',
24 silly addNameRange     '0.6.0',
24 silly addNameRange     '0.6.1',
24 silly addNameRange     '0.7.0',
24 silly addNameRange     '0.8.0',
24 silly addNameRange     '0.8.1',
24 silly addNameRange     '0.8.5',
24 silly addNameRange     '0.9.0',
24 silly addNameRange     '0.9.1',
24 silly addNameRange     '0.9.2',
24 silly addNameRange     '0.9.5',
24 silly addNameRange     '0.9.6',
24 silly addNameRange     '0.9.7',
24 silly addNameRange     '0.9.8',
24 silly addNameRange     '0.9.9',
24 silly addNameRange     '0.9.10',
24 silly addNameRange     '0.10.0' ] ]
25 verbose addNamed [ 'csslint', '0.10.0' ]
26 verbose addNamed [ '0.10.0', '0.10.0' ]
27 silly lockFile e8e04c8a-csslint-0-10-0 csslint@0.10.0
28 verbose lock csslint@0.10.0 /Users/JayWilsonJr/.npm/e8e04c8a-csslint-0-10-0.lock
29 silly lockFile 59df0017-s-org-csslint-csslint-0-10-0-tgz https://registry.npmjs.org/csslint/-/csslint-0.10.0.tgz
30 verbose lock https://registry.npmjs.org/csslint/-/csslint-0.10.0.tgz /Users/JayWilsonJr/.npm/59df0017-s-org-csslint-csslint-0-10-0-tgz.lock
31 verbose addRemoteTarball [ 'https://registry.npmjs.org/csslint/-/csslint-0.10.0.tgz',
31 verbose addRemoteTarball   '3a6a04e7565c8e9d19beb49767c7ec96e8365805' ]
32 info retry fetch attempt 1 at 10:37:05
33 verbose fetch to= /var/folders/66/npkjts350w7cdqwsk31k4ct80000gn/T/npm-17096-vTg4P4r1/1409150225665-0.9501138939522207/tmp.tgz
34 http GET https://registry.npmjs.org/csslint/-/csslint-0.10.0.tgz
35 http 200 https://registry.npmjs.org/csslint/-/csslint-0.10.0.tgz
36 verbose tar unpack /var/folders/66/npkjts350w7cdqwsk31k4ct80000gn/T/npm-17096-vTg4P4r1/1409150225665-0.9501138939522207/tmp.tgz
37 silly lockFile 156763a6-sonJr-npm-csslint-0-10-0-package tar:///Users/JayWilsonJr/.npm/csslint/0.10.0/package
38 verbose lock tar:///Users/JayWilsonJr/.npm/csslint/0.10.0/package /Users/JayWilsonJr/.npm/156763a6-sonJr-npm-csslint-0-10-0-package.lock
39 silly lockFile 738c4dbf-25665-0-9501138939522207-tmp-tgz tar:///var/folders/66/npkjts350w7cdqwsk31k4ct80000gn/T/npm-17096-vTg4P4r1/1409150225665-0.9501138939522207/tmp.tgz
40 verbose lock tar:///var/folders/66/npkjts350w7cdqwsk31k4ct80000gn/T/npm-17096-vTg4P4r1/1409150225665-0.9501138939522207/tmp.tgz /Users/JayWilsonJr/.npm/738c4dbf-25665-0-9501138939522207-tmp-tgz.lock
41 silly gunzTarPerm modes [ '755', '644' ]
42 silly gunzTarPerm extractEntry package.json
43 silly gunzTarPerm extractEntry README.md
44 silly gunzTarPerm extractEntry cli.js
45 silly gunzTarPerm extractEntry lib/csslint-node.js
46 silly lockFile 156763a6-sonJr-npm-csslint-0-10-0-package tar:///Users/JayWilsonJr/.npm/csslint/0.10.0/package
47 silly lockFile 156763a6-sonJr-npm-csslint-0-10-0-package tar:///Users/JayWilsonJr/.npm/csslint/0.10.0/package
48 silly lockFile 738c4dbf-25665-0-9501138939522207-tmp-tgz tar:///var/folders/66/npkjts350w7cdqwsk31k4ct80000gn/T/npm-17096-vTg4P4r1/1409150225665-0.9501138939522207/tmp.tgz
49 silly lockFile 738c4dbf-25665-0-9501138939522207-tmp-tgz tar:///var/folders/66/npkjts350w7cdqwsk31k4ct80000gn/T/npm-17096-vTg4P4r1/1409150225665-0.9501138939522207/tmp.tgz
50 silly lockFile 59df0017-s-org-csslint-csslint-0-10-0-tgz https://registry.npmjs.org/csslint/-/csslint-0.10.0.tgz
51 silly lockFile 59df0017-s-org-csslint-csslint-0-10-0-tgz https://registry.npmjs.org/csslint/-/csslint-0.10.0.tgz
52 silly lockFile e8e04c8a-csslint-0-10-0 csslint@0.10.0
53 silly lockFile e8e04c8a-csslint-0-10-0 csslint@0.10.0
54 silly lockFile ba3ce932-csslint csslint@
55 silly lockFile ba3ce932-csslint csslint@
56 silly resolved [ { name: 'csslint',
56 silly resolved     version: '0.10.0',
56 silly resolved     description: 'CSSLint',
56 silly resolved     author: { name: 'Nicole Sullivan' },
56 silly resolved     contributors: [ [Object] ],
56 silly resolved     engines: { node: '>=0.8.0' },
56 silly resolved     directories: { lib: 'lib' },
56 silly resolved     main: './lib/csslint-node.js',
56 silly resolved     bin: { csslint: './cli.js' },
56 silly resolved     scripts: { test: 'grunt test' },
56 silly resolved     licenses: [ [Object] ],
56 silly resolved     bugs: { url: 'https://github.com/stubbornella/csslint/issues' },
56 silly resolved     repository:
56 silly resolved      { type: 'git',
56 silly resolved        url: 'https://github.com/stubbornella/csslint.git' },
56 silly resolved     dependencies: { parserlib: '~0.2.2' },
56 silly resolved     devDependencies:
56 silly resolved      { grunt: '~0.4.1',
56 silly resolved        'grunt-contrib-jshint': '~0.5.4',
56 silly resolved        'grunt-contrib-concat': '~0.3.0',
56 silly resolved        'grunt-contrib-watch': '~0.4.4',
56 silly resolved        yuitest: '~0.7.9',
56 silly resolved        'grunt-contrib-clean': '~0.4.1',
56 silly resolved        'grunt-contrib-copy': '~0.4.1',
56 silly resolved        'grunt-include-replace': '~0.4.0' },
56 silly resolved     readme: '[![build status](https://secure.travis-ci.org/stubbornella/csslint.png)](http://travis-ci.org/stubbornella/csslint)\n# CSSLint\n\nCSSLint is a tool to help point out problems with your CSS code. It does basic syntax checking as well as applying a set of rules to the code that look for problematic patterns or signs of inefficiency. The rules are all pluggable, so you can easily write your own or omit ones you don\'t want. You can find information about both using CSS Lint and contributing to the project in the wiki: https://github.com/stubbornella/csslint/wiki \n\n# Contributors\n\n## Creators\n\n1. Nicole Sullivan, http://www.stubbornella.org\n1. Nicholas C. Zakas, http://www.nczonline.net\n\n## Contributors\n\n1. Samori Gorse, https://twitter.com/shinuza (Rules, Non-zero Exit Code for CLI)\n1. Eitan Konigsburg, https://twitter.com/eitanmk (Rhino CLI)\n1. Ben Barber (Compatible Vendor Prefix Rule)\n1. Eric Wendelin, http://eriwen.com (Output formatters)\n1. Kasper Garnaes, http://reload.dk (Checkstyle XML format)\n1. Gord Tanner, http://www.tinyhippos.com (CLI quiet option)\n1. Hans-Peter Buniat, https://github.com/hpbuniat (Duplicate background image rule)\n1. Dino Chiesa, https://github.com/DinoChiesa (Windows Script Host CLI)\n1. Tomasz Oponowicz, https://github.com/tomasz-oponowicz (XML format and CLI fixes)\n1. Julien Kernec\'h, https://github.com/parallel (Fixed a rule)\n1. Cillian de Róiste, https://plus.google.com/116480676247600483573/posts (Node CLI fixes)\n1. Damien Sennm, https://github.com/topaxi (README fixes)\n1. Jonathan Barnett, http://twitter.com/indieisaconcept (JUnit formatter)\n1. Zach Leatherman, http://www.zachleat.com/ (bug fixes)\n1. Philip Walton, http://philipwalton.com (Rules fixes, bug fixes)\n1. Jeff Beck, http://www.jeffbeck.info (Rules fixes, bug fixes)\n1. Jay Merrifield, https://github.com/fracmak (Rules fixes)\n1. Michael Mattiacci, http://mattiacci.com (Rules fixes)\n1. Jonathan Klein, http://www.jonathanklein.net (Bulletproof font-face rule)\n1. Shannon Moeller, http://shannonmoeller.com (Embedded rulesets)\n1. Nick Schonning, https://github.com/nschonni (Contributing.md, grunt build)\n1. Jared Wyles, https://github.com/jaredwy (Managing pull requests, endless advice)\n',
56 silly resolved     readmeFilename: 'README.md',
56 silly resolved     homepage: 'https://github.com/stubbornella/csslint',
56 silly resolved     _id: 'csslint@0.10.0',
56 silly resolved     _shasum: '3a6a04e7565c8e9d19beb49767c7ec96e8365805',
56 silly resolved     _from: 'csslint@',
56 silly resolved     _resolved: 'https://registry.npmjs.org/csslint/-/csslint-0.10.0.tgz' } ]
57 info install csslint@0.10.0 into /usr/local/lib
58 info installOne csslint@0.10.0
59 info /usr/local/lib/node_modules/csslint unbuild
60 verbose tar unpack /Users/JayWilsonJr/.npm/csslint/0.10.0/package.tgz
61 silly lockFile c2d629a1-r-local-lib-node-modules-csslint tar:///usr/local/lib/node_modules/csslint
62 verbose lock tar:///usr/local/lib/node_modules/csslint /Users/JayWilsonJr/.npm/c2d629a1-r-local-lib-node-modules-csslint.lock
63 silly lockFile 28aa1a6b-r-npm-csslint-0-10-0-package-tgz tar:///Users/JayWilsonJr/.npm/csslint/0.10.0/package.tgz
64 verbose lock tar:///Users/JayWilsonJr/.npm/csslint/0.10.0/package.tgz /Users/JayWilsonJr/.npm/28aa1a6b-r-npm-csslint-0-10-0-package-tgz.lock
65 silly gunzTarPerm modes [ '755', '644' ]
66 error Error: EACCES, mkdir '/usr/local/lib/node_modules/csslint'
66 error  { [Error: EACCES, mkdir '/usr/local/lib/node_modules/csslint']
66 error   errno: 3,
66 error   code: 'EACCES',
66 error   path: '/usr/local/lib/node_modules/csslint',
66 error   fstream_type: 'Directory',
66 error   fstream_path: '/usr/local/lib/node_modules/csslint',
66 error   fstream_class: 'DirWriter',
66 error   fstream_stack:
66 error    [ '/usr/local/lib/node_modules/npm/node_modules/fstream/lib/dir-writer.js:36:23',
66 error      '/usr/local/lib/node_modules/npm/node_modules/mkdirp/index.js:37:53',
66 error      'Object.oncomplete (fs.js:107:15)' ] }
67 error Please try running this command again as root/Administrator.
68 error System Darwin 13.3.0
69 error command "node" "/usr/local/bin/npm" "-g" "install" "csslint"
70 error cwd /Users/JayWilsonJr/Code/The Iron Yard/Octodex
71 error node -v v0.10.28
72 error npm -v 1.4.9
73 error path /usr/local/lib/node_modules/csslint
74 error fstream_path /usr/local/lib/node_modules/csslint
75 error fstream_type Directory
76 error fstream_class DirWriter
77 error code EACCES
78 error errno 3
79 error stack Error: EACCES, mkdir '/usr/local/lib/node_modules/csslint'
80 error fstream_stack /usr/local/lib/node_modules/npm/node_modules/fstream/lib/dir-writer.js:36:23
80 error fstream_stack /usr/local/lib/node_modules/npm/node_modules/mkdirp/index.js:37:53
80 error fstream_stack Object.oncomplete (fs.js:107:15)
81 verbose exit [ 3, true ]
